<?xml version="1.0" encoding="UTF-8"?>
<testsuite name="com.example.auction.AuctionAppApplicationTests" tests="1" skipped="0" failures="0" errors="0" timestamp="2022-11-03T10:09:09" hostname="DESKTOP-H35JODL" time="2.583">
  <properties/>
  <testcase name="contextLoads()" classname="com.example.auction.AuctionAppApplicationTests" time="2.583"/>
  <system-out><![CDATA[12:09:01.899 [Test worker] DEBUG org.springframework.test.context.BootstrapUtils - Instantiating CacheAwareContextLoaderDelegate from class [org.springframework.test.context.cache.DefaultCacheAwareContextLoaderDelegate]
12:09:01.927 [Test worker] DEBUG org.springframework.test.context.BootstrapUtils - Instantiating BootstrapContext using constructor [public org.springframework.test.context.support.DefaultBootstrapContext(java.lang.Class,org.springframework.test.context.CacheAwareContextLoaderDelegate)]
12:09:01.991 [Test worker] DEBUG org.springframework.test.context.BootstrapUtils - Instantiating TestContextBootstrapper for test class [com.example.auction.AuctionAppApplicationTests] from class [org.springframework.boot.test.context.SpringBootTestContextBootstrapper]
12:09:02.004 [Test worker] INFO org.springframework.boot.test.context.SpringBootTestContextBootstrapper - Neither @ContextConfiguration nor @ContextHierarchy found for test class [com.example.auction.AuctionAppApplicationTests], using SpringBootContextLoader
12:09:02.009 [Test worker] DEBUG org.springframework.test.context.support.AbstractContextLoader - Did not detect default resource location for test class [com.example.auction.AuctionAppApplicationTests]: class path resource [com/example/auction/AuctionAppApplicationTests-context.xml] does not exist
12:09:02.010 [Test worker] DEBUG org.springframework.test.context.support.AbstractContextLoader - Did not detect default resource location for test class [com.example.auction.AuctionAppApplicationTests]: class path resource [com/example/auction/AuctionAppApplicationTestsContext.groovy] does not exist
12:09:02.010 [Test worker] INFO org.springframework.test.context.support.AbstractContextLoader - Could not detect default resource locations for test class [com.example.auction.AuctionAppApplicationTests]: no resource found for suffixes {-context.xml, Context.groovy}.
12:09:02.011 [Test worker] INFO org.springframework.test.context.support.AnnotationConfigContextLoaderUtils - Could not detect default configuration classes for test class [com.example.auction.AuctionAppApplicationTests]: AuctionAppApplicationTests does not declare any static, non-private, non-final, nested classes annotated with @Configuration.
12:09:02.058 [Test worker] DEBUG org.springframework.test.context.support.ActiveProfilesUtils - Could not find an 'annotation declaring class' for annotation type [org.springframework.test.context.ActiveProfiles] and class [com.example.auction.AuctionAppApplicationTests]
12:09:02.198 [Test worker] DEBUG org.springframework.context.annotation.ClassPathScanningCandidateComponentProvider - Identified candidate component class: file [C:\Desktop\Auction-app\build\classes\java\main\com\example\auction\AuctionAppApplication.class]
12:09:02.200 [Test worker] INFO org.springframework.boot.test.context.SpringBootTestContextBootstrapper - Found @SpringBootConfiguration com.example.auction.AuctionAppApplication for test class com.example.auction.AuctionAppApplicationTests
12:09:02.664 [Test worker] DEBUG org.springframework.boot.test.context.SpringBootTestContextBootstrapper - @TestExecutionListeners is not present for class [com.example.auction.AuctionAppApplicationTests]: using defaults.
12:09:02.665 [Test worker] INFO org.springframework.boot.test.context.SpringBootTestContextBootstrapper - Loaded default TestExecutionListener class names from location [META-INF/spring.factories]: [org.springframework.security.test.context.support.WithSecurityContextTestExecutionListener, org.springframework.security.test.context.support.ReactorContextTestExecutionListener, org.springframework.boot.test.autoconfigure.restdocs.RestDocsTestExecutionListener, org.springframework.boot.test.autoconfigure.web.client.MockRestServiceServerResetTestExecutionListener, org.springframework.boot.test.autoconfigure.web.servlet.MockMvcPrintOnlyOnFailureTestExecutionListener, org.springframework.boot.test.autoconfigure.web.servlet.WebDriverTestExecutionListener, org.springframework.boot.test.autoconfigure.webservices.client.MockWebServiceServerTestExecutionListener, org.springframework.boot.test.mock.mockito.MockitoTestExecutionListener, org.springframework.boot.test.mock.mockito.ResetMocksTestExecutionListener, org.springframework.test.context.web.ServletTestExecutionListener, org.springframework.test.context.support.DirtiesContextBeforeModesTestExecutionListener, org.springframework.test.context.event.ApplicationEventsTestExecutionListener, org.springframework.test.context.support.DependencyInjectionTestExecutionListener, org.springframework.test.context.support.DirtiesContextTestExecutionListener, org.springframework.test.context.transaction.TransactionalTestExecutionListener, org.springframework.test.context.jdbc.SqlScriptsTestExecutionListener, org.springframework.test.context.event.EventPublishingTestExecutionListener]
12:09:02.687 [Test worker] DEBUG org.springframework.boot.test.context.SpringBootTestContextBootstrapper - Skipping candidate TestExecutionListener [org.springframework.test.context.transaction.TransactionalTestExecutionListener] due to a missing dependency. Specify custom listener classes or make the default listener classes and their required dependencies available. Offending class: [org/springframework/transaction/interceptor/TransactionAttributeSource]
12:09:02.687 [Test worker] DEBUG org.springframework.boot.test.context.SpringBootTestContextBootstrapper - Skipping candidate TestExecutionListener [org.springframework.test.context.jdbc.SqlScriptsTestExecutionListener] due to a missing dependency. Specify custom listener classes or make the default listener classes and their required dependencies available. Offending class: [org/springframework/transaction/interceptor/TransactionAttribute]
12:09:02.688 [Test worker] INFO org.springframework.boot.test.context.SpringBootTestContextBootstrapper - Using TestExecutionListeners: [org.springframework.test.context.web.ServletTestExecutionListener@4052274f, org.springframework.test.context.support.DirtiesContextBeforeModesTestExecutionListener@132ddbab, org.springframework.test.context.event.ApplicationEventsTestExecutionListener@297ea53a, org.springframework.boot.test.mock.mockito.MockitoTestExecutionListener@acb0951, org.springframework.boot.test.autoconfigure.SpringBootDependencyInjectionTestExecutionListener@5bf22f18, org.springframework.test.context.support.DirtiesContextTestExecutionListener@267f474e, org.springframework.security.test.context.support.WithSecurityContextTestExecutionListener@7a7471ce, org.springframework.test.context.event.EventPublishingTestExecutionListener@28276e50, org.springframework.security.test.context.support.ReactorContextTestExecutionListener@62e70ea3, org.springframework.boot.test.autoconfigure.restdocs.RestDocsTestExecutionListener@3efe7086, org.springframework.boot.test.autoconfigure.web.client.MockRestServiceServerResetTestExecutionListener@675d8c96, org.springframework.boot.test.autoconfigure.web.servlet.MockMvcPrintOnlyOnFailureTestExecutionListener@741b3bc3, org.springframework.boot.test.autoconfigure.web.servlet.WebDriverTestExecutionListener@2ed3b1f5, org.springframework.boot.test.autoconfigure.webservices.client.MockWebServiceServerTestExecutionListener@63648ee9, org.springframework.boot.test.mock.mockito.ResetMocksTestExecutionListener@68d6972f]
12:09:02.694 [Test worker] DEBUG org.springframework.test.context.support.AbstractDirtiesContextTestExecutionListener - Before test class: context [DefaultTestContext@7e985ce9 testClass = AuctionAppApplicationTests, testInstance = [null], testMethod = [null], testException = [null], mergedContextConfiguration = [WebMergedContextConfiguration@2a39fe6a testClass = AuctionAppApplicationTests, locations = '{}', classes = '{class com.example.auction.AuctionAppApplication}', contextInitializerClasses = '[]', activeProfiles = '{}', propertySourceLocations = '{}', propertySourceProperties = '{org.springframework.boot.test.context.SpringBootTestContextBootstrapper=true}', contextCustomizers = set[org.springframework.boot.test.autoconfigure.actuate.metrics.MetricsExportContextCustomizerFactory$DisableMetricExportContextCustomizer@63787180, org.springframework.boot.test.autoconfigure.properties.PropertyMappingContextCustomizer@0, org.springframework.boot.test.autoconfigure.web.servlet.WebDriverContextCustomizerFactory$Customizer@388526fb, org.springframework.boot.test.context.filter.ExcludeFilterContextCustomizer@62ef27a8, org.springframework.boot.test.json.DuplicateJsonObjectContextCustomizerFactory$DuplicateJsonObjectContextCustomizer@25aca718, org.springframework.boot.test.mock.mockito.MockitoContextCustomizer@0, org.springframework.boot.test.web.client.TestRestTemplateContextCustomizer@1b835480, org.springframework.boot.test.context.SpringBootTestArgs@1, org.springframework.boot.test.context.SpringBootTestWebEnvironment@193f604a], resourceBasePath = 'src/main/webapp', contextLoader = 'org.springframework.boot.test.context.SpringBootContextLoader', parent = [null]], attributes = map['org.springframework.test.context.web.ServletTestExecutionListener.activateListener' -> true]], class annotated with @DirtiesContext [false] with mode [null].

  .   ____          _            __ _ _
 /\\ / ___'_ __ _ _(_)_ __  __ _ \ \ \ \
( ( )\___ | '_ | '_| | '_ \/ _` | \ \ \ \
 \\/  ___)| |_)| | | | | || (_| |  ) ) ) )
  '  |____| .__|_| |_|_| |_\__, | / / / /
 =========|_|==============|___/=/_/_/_/
 :: Spring Boot ::                (v2.7.3)

2022-11-03 12:09:04.778  INFO 15184 --- [    Test worker] c.e.auction.AuctionAppApplicationTests   : Starting AuctionAppApplicationTests using Java 17.0.2 on DESKTOP-H35JODL with PID 15184 (started by ronce in C:\Desktop\Auction-app)
2022-11-03 12:09:04.779  INFO 15184 --- [    Test worker] c.e.auction.AuctionAppApplicationTests   : No active profile set, falling back to 1 default profile: "default"
2022-11-03 12:09:09.069  INFO 15184 --- [    Test worker] c.e.auction.AuctionAppApplicationTests   : Started AuctionAppApplicationTests in 6.325 seconds (JVM running for 9.305)
]]></system-out>
  <system-err><![CDATA[]]></system-err>
</testsuite>
